<?xml version="1.0" encoding="UTF-8"?>
<testng-results skipped="0" failed="0" ignored="0" total="1" passed="1">
  <reporter-output>
  </reporter-output>
  <suite name="Default suite" duration-ms="86509" started-at="2017-08-02T10:13:11Z" finished-at="2017-08-02T10:14:37Z">
    <groups>
    </groups>
    <test name="Default test" duration-ms="86509" started-at="2017-08-02T10:13:11Z" finished-at="2017-08-02T10:14:37Z">
      <class name="theluxurycloset.ReadObjectRepository">
        <test-method status="PASS" signature="beforeTest()[pri:0, instance:theluxurycloset.ReadObjectRepository@1bce4f0a]" name="beforeTest" is-config="true" duration-ms="15269" started-at="2017-08-02T17:13:11Z" finished-at="2017-08-02T17:13:26Z">
          <reporter-output>
          </reporter-output>
        </test-method> <!-- beforeTest -->
        <test-method status="PASS" signature="readObjectToLogin()[pri:0, instance:theluxurycloset.ReadObjectRepository@1bce4f0a]" name="readObjectToLogin" duration-ms="68578" started-at="2017-08-02T17:13:26Z" finished-at="2017-08-02T17:14:34Z">
          <reporter-output>
          </reporter-output>
        </test-method> <!-- readObjectToLogin -->
        <test-method status="PASS" signature="afterTest()[pri:0, instance:theluxurycloset.ReadObjectRepository@1bce4f0a]" name="afterTest" is-config="true" duration-ms="2647" started-at="2017-08-02T17:14:34Z" finished-at="2017-08-02T17:14:37Z">
          <reporter-output>
          </reporter-output>
        </test-method> <!-- afterTest -->
      </class> <!-- theluxurycloset.ReadObjectRepository -->
    </test> <!-- Default test -->
  </suite> <!-- Default suite -->
</testng-results>
